\.automation\deploy.log
\.automation\npm-dev.out.log
\.automation\npm-dev.err.log[2026-05-06 17:26:47] ================ DEPLOY START ================
[2026-05-06 17:26:47] Repo path: C:\Users\hp\habits-planner-2
[2026-05-06 17:26:47] Downloads path: C:\Users\hp\Downloads
[2026-05-06 17:26:47] Selected zip: C:\Users\hp\Downloads\habit-planner-frontend-v40 (3).zip
[2026-05-06 17:26:47] Waiting for zip file to become stable: C:\Users\hp\Downloads\habit-planner-frontend-v40 (3).zip
[2026-05-06 17:26:49] Zip file is stable.
[2026-05-06 17:26:49] Extracting zip to staging folder: C:\Users\hp\AppData\Local\Temp\habits-planner-deploy-3f54ca8a232b43c1b49dab606137fce3
[2026-05-06 17:26:50] Detected project root inside zip: C:\Users\hp\AppData\Local\Temp\habits-planner-deploy-3f54ca8a232b43c1b49dab606137fce3\habit-planner-frontend-v39
[2026-05-06 17:26:50] Checking for process using dev port 3000.
[2026-05-06 17:26:50] Mirroring zip contents into repo.
[2026-05-06 17:26:50] Source: C:\Users\hp\AppData\Local\Temp\habits-planner-deploy-3f54ca8a232b43c1b49dab606137fce3\habit-planner-frontend-v39
[2026-05-06 17:26:50] Destination: C:\Users\hp\habits-planner-2
[2026-05-06 17:26:50] Protected folders: .git, node_modules, .automation
[2026-05-06 17:26:50] Protected env files: .env, .env.local, .env.development, .env.production, .env.test, .env.staging

-------------------------------------------------------------------------------
   ROBOCOPY     ::     Robust File Copy for Windows                              
-------------------------------------------------------------------------------

  Started : Wednesday, May 6, 2026 5:26:50 PM
   Source : C:\Users\hp\AppData\Local\Temp\habits-planner-deploy-3f54ca8a232b43c1b49dab606137fce3\habit-planner-frontend-v39\
     Dest : C:\Users\hp\habits-planner-2\

    Files : *.*
	    
Exc Files : .env
	    .env.local
	    .env.development
	    .env.production
	    .env.test
	    .env.staging
	    
 Exc Dirs : .git
	    node_modules
	    .automation
	    
  Options : *.* /FFT /S /E /DCOPY:DA /COPY:DAT /PURGE /MIR /Z /NP /R:2 /W:1 

------------------------------------------------------------------------------

	                   4	C:\Users\hp\AppData\Local\Temp\habits-planner-deploy-3f54ca8a232b43c1b49dab606137fce3\habit-planner-frontend-v39\
	  *EXTRA File 		   22510	package-lock.json
	    Older     		     327	index.html
	    Newer     		     474	package.json
	    Newer     		    1248	README.md
	    Older     		     403	tsconfig.json
	                   1	C:\Users\hp\AppData\Local\Temp\habits-planner-deploy-3f54ca8a232b43c1b49dab606137fce3\habit-planner-frontend-v39\dist\
	    Newer     		     426	index.html
	                   2	C:\Users\hp\AppData\Local\Temp\habits-planner-deploy-3f54ca8a232b43c1b49dab606137fce3\habit-planner-frontend-v39\dist\assets\
	  *EXTRA File 		  244968	index-DXp4a_n7.js
	  *EXTRA File 		  117387	index-DYLuq9PV.css
	    New File  		  112981	index-CaWyeFXA.css
	    New File  		  247506	index-DuOOAKEl.js
	                   2	C:\Users\hp\AppData\Local\Temp\habits-planner-deploy-3f54ca8a232b43c1b49dab606137fce3\habit-planner-frontend-v39\src\
	    Newer     		   66798	main.tsx
	    Newer     		  132032	styles.css

------------------------------------------------------------------------------

               Total    Copied   Skipped  Mismatch    FAILED    Extras
    Dirs :         4         0         4         0         0         3
   Files :         9         9         0         0         0         3
   Bytes :   549.0 k   549.0 k         0         0         0   375.8 k
   Times :   0:00:00   0:00:00                       0:00:00   0:00:00


   Speed :           93,699,166 Bytes/sec.
   Speed :            5,361.509 MegaBytes/min.
   Ended : Wednesday, May 6, 2026 5:26:50 PM

[2026-05-06 17:26:50] Robocopy completed with exit code 3.
[2026-05-06 17:26:50] Running npm install.
[2026-05-06 17:26:50] RUN: npm install

up to date, audited 70 packages in 884ms

9 packages are looking for funding
  run `npm fund` for details

found 0 vulnerabilities
[2026-05-06 17:26:52] Checking Git status.
[2026-05-06 17:26:52] RUN: git status --short
 M .automation/deploy-latest-zip.ps1
 M .automation/deploy.log
 D .automation/npm-dev.pid
 M .automation/watch-downloads.ps1
 M .automation/watcher.log
 M README.md
 D dist/assets/index-DXp4a_n7.js
 D dist/assets/index-DYLuq9PV.css
 M dist/index.html
 M package-lock.json
 M package.json
 M src/main.tsx
 M src/styles.css
?? dist/assets/index-CaWyeFXA.css
?? dist/assets/index-DuOOAKEl.js
[2026-05-06 17:26:54] Staging repo changes, excluding .automation from deployment commit.
[2026-05-06 17:26:54] RUN: git add -A -- .
warning: in the working copy of '.automation/deploy-latest-zip.ps1', LF will be replaced by CRLF the next time Git touches it
warning: in the working copy of 'README.md', LF will be replaced by CRLF the next time Git touches it
warning: in the working copy of 'dist/index.html', LF will be replaced by CRLF the next time Git touches it
warning: in the working copy of 'index.html', LF will be replaced by CRLF the next time Git touches it
warning: in the working copy of 'package-lock.json', LF will be replaced by CRLF the next time Git touches it
warning: in the working copy of 'package.json', LF will be replaced by CRLF the next time Git touches it
warning: in the working copy of 'src/main.tsx', LF will be replaced by CRLF the next time Git touches it
warning: in the working copy of 'src/styles.css', LF will be replaced by CRLF the next time Git touches it
warning: in the working copy of 'tsconfig.json', LF will be replaced by CRLF the next time Git touches it
warning: in the working copy of 'dist/assets/index-CaWyeFXA.css', LF will be replaced by CRLF the next time Git touches it
warning: in the working copy of 'dist/assets/index-DuOOAKEl.js', LF will be replaced by CRLF the next time Git touches it
[2026-05-06 17:26:55] RUN: git reset -q -- .automation
[2026-05-06 17:26:56] RUN: git commit -m "version 39"
[main e25774d] version 39
 6 files changed, 506 insertions(+), 1402 deletions(-)
 rename dist/assets/{index-DYLuq9PV.css => index-CaWyeFXA.css} (52%)
 delete mode 100644 dist/assets/index-DXp4a_n7.js
 create mode 100644 dist/assets/index-DuOOAKEl.js
[2026-05-06 17:26:57] RUN: git push origin main
To https://github.com/Agusteando/habits-planner.git
 ! [rejected]        main -> main (non-fast-forward)
error: failed to push some refs to 'https://github.com/Agusteando/habits-planner.git'
hint: Updates were rejected because the tip of your current branch is behind
hint: its remote counterpart. If you want to integrate the remote changes,
hint: use 'git pull' before pushing again.
hint: See the 'Note about fast-forwards' in 'git push --help' for details.
[2026-05-06 17:26:59] DEPLOY FAILED: Command failed with exit code 1: git push origin main
[2026-05-06 17:26:59] ================ DEPLOY FAILED ================
[2026-05-06 17:45:05] ================ DEPLOY START ================
[2026-05-06 17:45:05] Repo path: C:\Users\hp\habits-planner-2
[2026-05-06 17:45:05] Downloads path: C:\Users\hp\Downloads
[2026-05-06 17:45:05] Selected zip: C:\Users\hp\Downloads\habit-planner-v41-clean.zip
[2026-05-06 17:45:05] Waiting for zip file to become stable: C:\Users\hp\Downloads\habit-planner-v41-clean.zip
[2026-05-06 17:45:07] Zip file is stable.
[2026-05-06 17:45:07] Extracting zip to staging folder: C:\Users\hp\AppData\Local\Temp\habits-planner-deploy-d189ae320ddf48f3ab388d93b5e10a4d
[2026-05-06 17:45:07] Detected project root inside zip: C:\Users\hp\AppData\Local\Temp\habits-planner-deploy-d189ae320ddf48f3ab388d93b5e10a4d\habit-planner-frontend-v41
[2026-05-06 17:45:07] No managed npm dev PID file found.
[2026-05-06 17:45:07] Checking for process using dev port 3000.
[2026-05-06 17:45:08] Mirroring zip contents into repo.
[2026-05-06 17:45:08] Source: C:\Users\hp\AppData\Local\Temp\habits-planner-deploy-d189ae320ddf48f3ab388d93b5e10a4d\habit-planner-frontend-v41
[2026-05-06 17:45:08] Destination: C:\Users\hp\habits-planner-2
[2026-05-06 17:45:08] Protected folders: .git, node_modules, .automation
[2026-05-06 17:45:08] Protected env files: .env, .env.local, .env.development, .env.production, .env.test, .env.staging

-------------------------------------------------------------------------------
   ROBOCOPY     ::     Robust File Copy for Windows                              
-------------------------------------------------------------------------------

  Started : Wednesday, May 6, 2026 5:45:08 PM
   Source : C:\Users\hp\AppData\Local\Temp\habits-planner-deploy-d189ae320ddf48f3ab388d93b5e10a4d\habit-planner-frontend-v41\
     Dest : C:\Users\hp\habits-planner-2\

    Files : *.*
	    
Exc Files : .env
	    .env.local
	    .env.development
	    .env.production
	    .env.test
	    .env.staging
	    
 Exc Dirs : .git
	    node_modules
	    .automation
	    
  Options : *.* /FFT /S /E /DCOPY:DA /COPY:DAT /PURGE /MIR /Z /NP /R:2 /W:1 

------------------------------------------------------------------------------

	                   4	C:\Users\hp\AppData\Local\Temp\habits-planner-deploy-d189ae320ddf48f3ab388d93b5e10a4d\habit-planner-frontend-v41\
	  *EXTRA File 		   21653	package-lock.json
	    Newer     		     474	package.json
	                   1	C:\Users\hp\AppData\Local\Temp\habits-planner-deploy-d189ae320ddf48f3ab388d93b5e10a4d\habit-planner-frontend-v41\dist\
	    Newer     		     426	index.html
	                   2	C:\Users\hp\AppData\Local\Temp\habits-planner-deploy-d189ae320ddf48f3ab388d93b5e10a4d\habit-planner-frontend-v41\dist\assets\
	  *EXTRA File 		  112981	index-CaWyeFXA.css
	  *EXTRA File 		  247506	index-DuOOAKEl.js
	    New File  		  105287	index-5b31_42J.css
	    New File  		  241805	index-CsDtwoGH.js
	                   2	C:\Users\hp\AppData\Local\Temp\habits-planner-deploy-d189ae320ddf48f3ab388d93b5e10a4d\habit-planner-frontend-v41\src\
	    Newer     		   61225	main.tsx
	    Newer     		  122969	styles.css

------------------------------------------------------------------------------

               Total    Copied   Skipped  Mismatch    FAILED    Extras
    Dirs :         4         0         4         0         0         3
   Files :         9         6         3         0         0         3
   Bytes :   521.6 k   519.7 k     1.9 k         0         0   373.1 k
   Times :   0:00:00   0:00:00                       0:00:00   0:00:00


   Speed :           53,218,600 Bytes/sec.
   Speed :            3,045.193 MegaBytes/min.
   Ended : Wednesday, May 6, 2026 5:45:08 PM

[2026-05-06 17:45:08] Robocopy completed with exit code 3.
[2026-05-06 17:45:08] Running npm install.
[2026-05-06 17:45:08] RUN: npm install

up to date, audited 70 packages in 1s

9 packages are looking for funding
  run `npm fund` for details

found 0 vulnerabilities
[2026-05-06 17:45:10] Checking Git status.
[2026-05-06 17:45:10] RUN: git status --short
 M .automation/deploy-latest-zip.ps1
 M .automation/deploy.log
 D .automation/npm-dev.pid
 M .automation/watch-downloads.ps1
 M .automation/watcher.log
 D dist/assets/index-CaWyeFXA.css
 D dist/assets/index-DuOOAKEl.js
 M dist/index.html
 M package-lock.json
 M package.json
 M src/main.tsx
 M src/styles.css
?? dist/assets/index-5b31_42J.css
?? dist/assets/index-CsDtwoGH.js
[2026-05-06 17:45:11] Staging repo changes, excluding .automation from deployment commit.
[2026-05-06 17:45:11] RUN: git add -A -- .
warning: in the working copy of '.automation/deploy-latest-zip.ps1', LF will be replaced by CRLF the next time Git touches it
warning: in the working copy of 'README.md', LF will be replaced by CRLF the next time Git touches it
warning: in the working copy of 'dist/index.html', LF will be replaced by CRLF the next time Git touches it
warning: in the working copy of 'index.html', LF will be replaced by CRLF the next time Git touches it
warning: in the working copy of 'package-lock.json', LF will be replaced by CRLF the next time Git touches it
warning: in the working copy of 'package.json', LF will be replaced by CRLF the next time Git touches it
warning: in the working copy of 'src/main.tsx', LF will be replaced by CRLF the next time Git touches it
warning: in the working copy of 'src/styles.css', LF will be replaced by CRLF the next time Git touches it
warning: in the working copy of 'tsconfig.json', LF will be replaced by CRLF the next time Git touches it
warning: in the working copy of 'dist/assets/index-5b31_42J.css', LF will be replaced by CRLF the next time Git touches it
warning: in the working copy of 'dist/assets/index-CsDtwoGH.js', LF will be replaced by CRLF the next time Git touches it
[2026-05-06 17:45:12] RUN: git reset -q -- .automation
[2026-05-06 17:45:13] RUN: git commit -m "version 40"
[main 90a1299] version 40
 9 files changed, 78 insertions(+), 518 deletions(-)
 create mode 100644 dist/assets/index-5b31_42J.css
 delete mode 100644 dist/assets/index-CaWyeFXA.css
 create mode 100644 dist/assets/index-CsDtwoGH.js
 delete mode 100644 dist/assets/index-DuOOAKEl.js
[2026-05-06 17:45:14] RUN: git push origin main
To https://github.com/Agusteando/habits-planner.git
 ! [rejected]        main -> main (non-fast-forward)
error: failed to push some refs to 'https://github.com/Agusteando/habits-planner.git'
hint: Updates were rejected because the tip of your current branch is behind
hint: its remote counterpart. If you want to integrate the remote changes,
hint: use 'git pull' before pushing again.
hint: See the 'Note about fast-forwards' in 'git push --help' for details.
[2026-05-06 17:45:17] DEPLOY FAILED: Command failed with exit code 1: git push origin main
[2026-05-06 17:45:17] ================ DEPLOY FAILED ================
